<?xml version="1.0" encoding="UTF-8"?>
<!-- Generated by org.testng.reporters.JUnitReportReporter -->
<testsuite hostname="LAPTOP-AF95BSA9" failures="0" tests="1" name="testCases.TC001_RegistrationTest" time="6.766" errors="0" timestamp="2024-08-03T16:19:51 IST" skipped="0">
  <testcase classname="testCases.TC001_RegistrationTest" name="accountRegistration" time="6.766"/>
</testsuite> <!-- testCases.TC001_RegistrationTest -->
