<?xml version="1.0" encoding="UTF-8"?>
<!-- Generated by org.testng.reporters.JUnitReportReporter -->
<testsuite hostname="LAPTOP-AF95BSA9" failures="0" tests="4" name="testCases.TC003_LoginDDTest" time="30.687" errors="0" timestamp="2024-08-03T16:16:25 IST" skipped="0">
  <testcase classname="testCases.TC003_LoginDDTest" name="dataDrivenLogin" time="11.243"/>
  <testcase classname="testCases.TC003_LoginDDTest" name="dataDrivenLogin" time="2.353"/>
  <testcase classname="testCases.TC003_LoginDDTest" name="dataDrivenLogin" time="12.737"/>
  <testcase classname="testCases.TC003_LoginDDTest" name="dataDrivenLogin" time="4.354"/>
</testsuite> <!-- testCases.TC003_LoginDDTest -->
