<?xml version="1.0" encoding="UTF-8"?>
<!-- Generated by org.testng.reporters.JUnitReportReporter -->
<testsuite hostname="LAPTOP-AF95BSA9" failures="0" tests="1" name="testCases.TC002_LoginTest" time="1.817" errors="0" timestamp="2024-08-05T10:27:47 IST" skipped="0">
  <testcase classname="testCases.TC002_LoginTest" name="verifyLogin" time="1.817"/>
</testsuite> <!-- testCases.TC002_LoginTest -->
